<?xml version="1.0" encoding="UTF-8"?>
<testng-results skipped="0" failed="0" ignored="0" total="1" passed="1">
  <reporter-output>
  </reporter-output>
  <suite name="Suite" duration-ms="4615" started-at="2016-12-27T07:19:19Z" finished-at="2016-12-27T07:19:24Z">
    <groups>
      <group name="TCLaunchApplication">
        <method signature="TCLaunchApplication.LaunchApplication(java.lang.String)[pri:0, instance:com.mercurytours.Test.TCLaunchApplication@77caeb3e]" name="LaunchApplication" class="com.mercurytours.Test.TCLaunchApplication"/>
      </group> <!-- TCLaunchApplication -->
    </groups>
    <test name="firefoxTest" duration-ms="4615" started-at="2016-12-27T07:19:19Z" finished-at="2016-12-27T07:19:24Z">
      <class name="com.mercurytours.Test.TCLaunchApplication">
        <test-method status="PASS" signature="LaunchApplication(java.lang.String)[pri:0, instance:com.mercurytours.Test.TCLaunchApplication@77caeb3e]" name="LaunchApplication" duration-ms="4599" started-at="2016-12-26T23:19:19Z" finished-at="2016-12-26T23:19:24Z">
          <params>
            <param index="0">
              <value>
                <![CDATA[Chrome]]>
              </value>
            </param>
          </params>
          <reporter-output>
          </reporter-output>
        </test-method> <!-- LaunchApplication -->
      </class> <!-- com.mercurytours.Test.TCLaunchApplication -->
    </test> <!-- firefoxTest -->
  </suite> <!-- Suite -->
</testng-results>
